<?xml version="1.0" encoding="UTF-8"?>
<testng-results skipped="0" failed="0" ignored="0" total="2" passed="2">
  <reporter-output>
  </reporter-output>
  <suite name="Suite" duration-ms="25" started-at="2020-04-10T15:30:08Z" finished-at="2020-04-10T15:30:08Z">
    <groups>
    </groups>
    <test name="Test" duration-ms="25" started-at="2020-04-10T15:30:08Z" finished-at="2020-04-10T15:30:08Z">
      <class name="kyan.KTest">
        <test-method status="PASS" signature="f()[pri:0, instance:kyan.KTest@643b1d11]" name="f" duration-ms="7" started-at="2020-04-10T15:30:08Z" finished-at="2020-04-10T15:30:08Z">
          <reporter-output>
          </reporter-output>
        </test-method> <!-- f -->
      </class> <!-- kyan.KTest -->
      <class name="kyan.KTest2">
        <test-method status="PASS" signature="f()[pri:0, instance:kyan.KTest2@2ef5e5e3]" name="f" duration-ms="0" started-at="2020-04-10T15:30:08Z" finished-at="2020-04-10T15:30:08Z">
          <reporter-output>
          </reporter-output>
        </test-method> <!-- f -->
      </class> <!-- kyan.KTest2 -->
    </test> <!-- Test -->
  </suite> <!-- Suite -->
</testng-results>
